<?xml version="1.0" encoding="UTF-8"?>
<testsuites>
  <testsuite name="" tests="117" assertions="467" errors="0" warnings="0" failures="0" skipped="0" time="60.596498">
    <testsuite name="Unit" tests="7" assertions="114" errors="0" warnings="0" failures="0" skipped="0" time="9.015799">
      <testsuite name="Tests\Unit\GenerateTrainingsCommandTest" file="/var/www/techincal-challenge/tests/Unit/GenerateTrainingsCommandTest.php" tests="3" assertions="85" errors="0" warnings="0" failures="0" skipped="0" time="6.113079">
        <testcase name="is_generating_automatic_trainings_with_images_without_count" class="Tests\Unit\GenerateTrainingsCommandTest" classname="Tests.Unit.GenerateTrainingsCommandTest" file="/var/www/techincal-challenge/tests/Unit/GenerateTrainingsCommandTest.php" line="40" assertions="73" time="4.612586"/>
        <testcase name="is_generating_automatic_trainings_with_images_with_count" class="Tests\Unit\GenerateTrainingsCommandTest" classname="Tests.Unit.GenerateTrainingsCommandTest" file="/var/www/techincal-challenge/tests/Unit/GenerateTrainingsCommandTest.php" line="64" assertions="10" time="1.129522"/>
        <testcase name="is_not_generating_automatic_trainings_with_images" class="Tests\Unit\GenerateTrainingsCommandTest" classname="Tests.Unit.GenerateTrainingsCommandTest" file="/var/www/techincal-challenge/tests/Unit/GenerateTrainingsCommandTest.php" line="88" assertions="2" time="0.370971"/>
      </testsuite>
      <testsuite name="Tests\Unit\HelpersTest" file="/var/www/techincal-challenge/tests/Unit/HelpersTest.php" tests="2" assertions="2" errors="0" warnings="0" failures="0" skipped="0" time="0.516729">
        <testcase name="is_determine_if_auth_user_is_admin" class="Tests\Unit\HelpersTest" classname="Tests.Unit.HelpersTest" file="/var/www/techincal-challenge/tests/Unit/HelpersTest.php" line="27" assertions="1" time="0.283321"/>
        <testcase name="it_create_link_to_route" class="Tests\Unit\HelpersTest" classname="Tests.Unit.HelpersTest" file="/var/www/techincal-challenge/tests/Unit/HelpersTest.php" line="36" assertions="1" time="0.233408"/>
      </testsuite>
      <testsuite name="Tests\Unit\HomePagesTest" file="/var/www/techincal-challenge/tests/Unit/HomePagesTest.php" tests="2" assertions="27" errors="0" warnings="0" failures="0" skipped="0" time="2.385991">
        <testcase name="is_showing_page_title" class="Tests\Unit\HomePagesTest" classname="Tests.Unit.HomePagesTest" file="/var/www/techincal-challenge/tests/Unit/HomePagesTest.php" line="16" assertions="3" time="0.758345"/>
        <testcase name="is_showing_trainings_count_for_admin_user" class="Tests\Unit\HomePagesTest" classname="Tests.Unit.HomePagesTest" file="/var/www/techincal-challenge/tests/Unit/HomePagesTest.php" line="26" assertions="24" time="1.627646"/>
      </testsuite>
    </testsuite>
    <testsuite name="Feature" tests="110" assertions="353" errors="0" warnings="0" failures="0" skipped="0" time="51.580699">
      <testsuite name="Tests\Feature\Auth\ForgotPasswordTest" file="/var/www/techincal-challenge/tests/Feature/Auth/ForgotPasswordTest.php" tests="4" assertions="9" errors="0" warnings="0" failures="0" skipped="0" time="2.219811">
        <testcase name="is_viewing_forgot_password_page" class="Tests\Feature\Auth\ForgotPasswordTest" classname="Tests.Feature.Auth.ForgotPasswordTest" file="/var/www/techincal-challenge/tests/Feature/Auth/ForgotPasswordTest.php" line="15" assertions="2" time="0.318084"/>
        <testcase name="is_not_viewing_forgot_password_page_after_authentication" class="Tests\Feature\Auth\ForgotPasswordTest" classname="Tests.Feature.Auth.ForgotPasswordTest" file="/var/www/techincal-challenge/tests/Feature/Auth/ForgotPasswordTest.php" line="23" assertions="2" time="0.282798"/>
        <testcase name="is_sending_reset_link_email_with_not_found_email" class="Tests\Feature\Auth\ForgotPasswordTest" classname="Tests.Feature.Auth.ForgotPasswordTest" file="/var/www/techincal-challenge/tests/Feature/Auth/ForgotPasswordTest.php" line="33" assertions="3" time="0.585154"/>
        <testcase name="is_sending_reset_link_email_with_found_email" class="Tests\Feature\Auth\ForgotPasswordTest" classname="Tests.Feature.Auth.ForgotPasswordTest" file="/var/www/techincal-challenge/tests/Feature/Auth/ForgotPasswordTest.php" line="43" assertions="2" time="1.033775"/>
      </testsuite>
      <testsuite name="Tests\Feature\Auth\LoginTest" file="/var/www/techincal-challenge/tests/Feature/Auth/LoginTest.php" tests="6" assertions="22" errors="0" warnings="0" failures="0" skipped="0" time="1.949134">
        <testcase name="is_viewing_login_page" class="Tests\Feature\Auth\LoginTest" classname="Tests.Feature.Auth.LoginTest" file="/var/www/techincal-challenge/tests/Feature/Auth/LoginTest.php" line="14" assertions="2" time="0.321488"/>
        <testcase name="is_not_viewing_login_page_after_authentication" class="Tests\Feature\Auth\LoginTest" classname="Tests.Feature.Auth.LoginTest" file="/var/www/techincal-challenge/tests/Feature/Auth/LoginTest.php" line="22" assertions="2" time="0.273223"/>
        <testcase name="is_login_with_right_credentials" class="Tests\Feature\Auth\LoginTest" classname="Tests.Feature.Auth.LoginTest" file="/var/www/techincal-challenge/tests/Feature/Auth/LoginTest.php" line="32" assertions="6" time="0.405330"/>
        <testcase name="is_not_login_with_wrong_credentials" class="Tests\Feature\Auth\LoginTest" classname="Tests.Feature.Auth.LoginTest" file="/var/www/techincal-challenge/tests/Feature/Auth/LoginTest.php" line="48" assertions="5" time="0.342975"/>
        <testcase name="is_remembering_me" class="Tests\Feature\Auth\LoginTest" classname="Tests.Feature.Auth.LoginTest" file="/var/www/techincal-challenge/tests/Feature/Auth/LoginTest.php" line="63" assertions="6" time="0.306171"/>
        <testcase name="is_logout_user" class="Tests\Feature\Auth\LoginTest" classname="Tests.Feature.Auth.LoginTest" file="/var/www/techincal-challenge/tests/Feature/Auth/LoginTest.php" line="80" assertions="1" time="0.299947"/>
      </testsuite>
      <testsuite name="Tests\Feature\Auth\ResetPasswordTest" file="/var/www/techincal-challenge/tests/Feature/Auth/ResetPasswordTest.php" tests="4" assertions="13" errors="0" warnings="0" failures="0" skipped="0" time="1.304851">
        <testcase name="is_viewing_password_reset_page" class="Tests\Feature\Auth\ResetPasswordTest" classname="Tests.Feature.Auth.ResetPasswordTest" file="/var/www/techincal-challenge/tests/Feature/Auth/ResetPasswordTest.php" line="16" assertions="2" time="0.312965"/>
        <testcase name="is_submitting_password_reset_form_with_not_found_email" class="Tests\Feature\Auth\ResetPasswordTest" classname="Tests.Feature.Auth.ResetPasswordTest" file="/var/www/techincal-challenge/tests/Feature/Auth/ResetPasswordTest.php" line="28" assertions="4" time="0.327684"/>
        <testcase name="is_submitting_password_reset_form_with_password_mismatch" class="Tests\Feature\Auth\ResetPasswordTest" classname="Tests.Feature.Auth.ResetPasswordTest" file="/var/www/techincal-challenge/tests/Feature/Auth/ResetPasswordTest.php" line="50" assertions="2" time="0.317768"/>
        <testcase name="is_submitting_password_reset_form_with_found_email" class="Tests\Feature\Auth\ResetPasswordTest" classname="Tests.Feature.Auth.ResetPasswordTest" file="/var/www/techincal-challenge/tests/Feature/Auth/ResetPasswordTest.php" line="63" assertions="5" time="0.346434"/>
      </testsuite>
      <testsuite name="Tests\Feature\MiddlewareTest" file="/var/www/techincal-challenge/tests/Feature/MiddlewareTest.php" tests="2" assertions="4" errors="0" warnings="0" failures="0" skipped="0" time="0.723077">
        <testcase name="is_redirecting_to_login_page_if_non_authenticate" class="Tests\Feature\MiddlewareTest" classname="Tests.Feature.MiddlewareTest" file="/var/www/techincal-challenge/tests/Feature/MiddlewareTest.php" line="27" assertions="2" time="0.271746"/>
        <testcase name="is_aborting_if_is_not_admin_user" class="Tests\Feature\MiddlewareTest" classname="Tests.Feature.MiddlewareTest" file="/var/www/techincal-challenge/tests/Feature/MiddlewareTest.php" line="34" assertions="2" time="0.451331"/>
      </testsuite>
      <testsuite name="Tests\Feature\Roles\ScopeTest" file="/var/www/techincal-challenge/tests/Feature/Roles/ScopeTest.php" tests="16" assertions="44" errors="0" warnings="0" failures="0" skipped="0" time="7.338800">
        <testcase name="is_showing_roles_in_right_order" class="Tests\Feature\Roles\ScopeTest" classname="Tests.Feature.Roles.ScopeTest" file="/var/www/techincal-challenge/tests/Feature/Roles/ScopeTest.php" line="41" assertions="5" time="0.566421"/>
        <testcase name="is_showing_roles_paginated" class="Tests\Feature\Roles\ScopeTest" classname="Tests.Feature.Roles.ScopeTest" file="/var/www/techincal-challenge/tests/Feature/Roles/ScopeTest.php" line="54" assertions="2" time="1.547300"/>
        <testcase name="is_showing_role_details_on_view_page" class="Tests\Feature\Roles\ScopeTest" classname="Tests.Feature.Roles.ScopeTest" file="/var/www/techincal-challenge/tests/Feature/Roles/ScopeTest.php" line="64" assertions="4" time="0.418799"/>
        <testcase name="is_showing_role_details_with_types_on_view_page" class="Tests\Feature\Roles\ScopeTest" classname="Tests.Feature.Roles.ScopeTest" file="/var/www/techincal-challenge/tests/Feature/Roles/ScopeTest.php" line="77" assertions="4" time="0.400823"/>
        <testcase name="is_showing_admin_role_details_on_view_page" class="Tests\Feature\Roles\ScopeTest" classname="Tests.Feature.Roles.ScopeTest" file="/var/www/techincal-challenge/tests/Feature/Roles/ScopeTest.php" line="89" assertions="4" time="0.351349"/>
        <testcase name="is_showing_create_page" class="Tests\Feature\Roles\ScopeTest" classname="Tests.Feature.Roles.ScopeTest" file="/var/www/techincal-challenge/tests/Feature/Roles/ScopeTest.php" line="102" assertions="1" time="0.378839"/>
        <testcase name="is_showing_role_details_on_edit_page" class="Tests\Feature\Roles\ScopeTest" classname="Tests.Feature.Roles.ScopeTest" file="/var/www/techincal-challenge/tests/Feature/Roles/ScopeTest.php" line="109" assertions="5" time="0.452045"/>
        <testcase name="is_showing_admin_role_details_on_edit_page" class="Tests\Feature\Roles\ScopeTest" classname="Tests.Feature.Roles.ScopeTest" file="/var/www/techincal-challenge/tests/Feature/Roles/ScopeTest.php" line="124" assertions="3" time="0.387116"/>
        <testcase name="is_deleting_role" class="Tests\Feature\Roles\ScopeTest" classname="Tests.Feature.Roles.ScopeTest" file="/var/www/techincal-challenge/tests/Feature/Roles/ScopeTest.php" line="135" assertions="2" time="0.389958"/>
        <testcase name="is_not_showing_role_details_on_view_page_for_invalid_role" class="Tests\Feature\Roles\ScopeTest" classname="Tests.Feature.Roles.ScopeTest" file="/var/www/techincal-challenge/tests/Feature/Roles/ScopeTest.php" line="150" assertions="1" time="0.332256"/>
        <testcase name="is_not_showing_role_details_on_edit_page_for_invalid_role" class="Tests\Feature\Roles\ScopeTest" classname="Tests.Feature.Roles.ScopeTest" file="/var/www/techincal-challenge/tests/Feature/Roles/ScopeTest.php" line="157" assertions="1" time="0.325581"/>
        <testcase name="is_not_deleting_invalid_role" class="Tests\Feature\Roles\ScopeTest" classname="Tests.Feature.Roles.ScopeTest" file="/var/www/techincal-challenge/tests/Feature/Roles/ScopeTest.php" line="164" assertions="1" time="0.319677"/>
        <testcase name="is_not_deleting_admin_role" class="Tests\Feature\Roles\ScopeTest" classname="Tests.Feature.Roles.ScopeTest" file="/var/www/techincal-challenge/tests/Feature/Roles/ScopeTest.php" line="171" assertions="1" time="0.310420"/>
        <testcase name="is_not_deleting_if_role_has_users" class="Tests\Feature\Roles\ScopeTest" classname="Tests.Feature.Roles.ScopeTest" file="/var/www/techincal-challenge/tests/Feature/Roles/ScopeTest.php" line="181" assertions="1" time="0.319586"/>
        <testcase name="is_storing_role_with_validated_details" class="Tests\Feature\Roles\ScopeTest" classname="Tests.Feature.Roles.ScopeTest" file="/var/www/techincal-challenge/tests/Feature/Roles/ScopeTest.php" line="195" assertions="4" time="0.373921"/>
        <testcase name="is_updating_role_with_validated_details" class="Tests\Feature\Roles\ScopeTest" classname="Tests.Feature.Roles.ScopeTest" file="/var/www/techincal-challenge/tests/Feature/Roles/ScopeTest.php" line="232" assertions="5" time="0.464709"/>
      </testsuite>
      <testsuite name="Tests\Feature\Roles\ValidationTest" file="/var/www/techincal-challenge/tests/Feature/Roles/ValidationTest.php" tests="6" assertions="19" errors="0" warnings="0" failures="0" skipped="0" time="1.892806">
        <testcase name="is_requires_all_fields_on_store" class="Tests\Feature\Roles\ValidationTest" classname="Tests.Feature.Roles.ValidationTest" file="/var/www/techincal-challenge/tests/Feature/Roles/ValidationTest.php" line="67" assertions="4" time="0.307926"/>
        <testcase name="is_requires_all_fields_on_update" class="Tests\Feature\Roles\ValidationTest" classname="Tests.Feature.Roles.ValidationTest" file="/var/www/techincal-challenge/tests/Feature/Roles/ValidationTest.php" line="73" assertions="4" time="0.320871"/>
        <testcase name="is_requires_unique_slug_on_store" class="Tests\Feature\Roles\ValidationTest" classname="Tests.Feature.Roles.ValidationTest" file="/var/www/techincal-challenge/tests/Feature/Roles/ValidationTest.php" line="81" assertions="3" time="0.297197"/>
        <testcase name="is_requires_unique_slug_on_update" class="Tests\Feature\Roles\ValidationTest" classname="Tests.Feature.Roles.ValidationTest" file="/var/www/techincal-challenge/tests/Feature/Roles/ValidationTest.php" line="95" assertions="3" time="0.321469"/>
        <testcase name="is_requires_exits_types" class="Tests\Feature\Roles\ValidationTest" classname="Tests.Feature.Roles.ValidationTest" file="/var/www/techincal-challenge/tests/Feature/Roles/ValidationTest.php" line="111" assertions="4" time="0.365421"/>
        <testcase name="is_not_requires_types_for_admin_role_on_update" class="Tests\Feature\Roles\ValidationTest" classname="Tests.Feature.Roles.ValidationTest" file="/var/www/techincal-challenge/tests/Feature/Roles/ValidationTest.php" line="123" assertions="1" time="0.279922"/>
      </testsuite>
      <testsuite name="Tests\Feature\RolesTest" file="/var/www/techincal-challenge/tests/Feature/RolesTest.php" tests="13" assertions="35" errors="0" warnings="0" failures="0" skipped="0" time="5.352914">
        <testcase name="is_viewing_admin_user_the_trainings_on_trainings_lists_page" class="Tests\Feature\RolesTest" classname="Tests.Feature.RolesTest" file="/var/www/techincal-challenge/tests/Feature/RolesTest.php" line="30" assertions="4" time="0.452858"/>
        <testcase name="is_having_admin_user_access_to_the_training_page" class="Tests\Feature\RolesTest" classname="Tests.Feature.RolesTest" file="/var/www/techincal-challenge/tests/Feature/RolesTest.php" line="47" assertions="3" time="0.413058"/>
        <testcase name="is_viewing_results_on_trainings_lists_page" class="Tests\Feature\RolesTest" classname="Tests.Feature.RolesTest" file="/var/www/techincal-challenge/tests/Feature/RolesTest.php" line="59" assertions="4" time="0.460734"/>
        <testcase name="is_having_access_to_the_training_page" class="Tests\Feature\RolesTest" classname="Tests.Feature.RolesTest" file="/var/www/techincal-challenge/tests/Feature/RolesTest.php" line="76" assertions="3" time="0.424003"/>
        <testcase name="is_not_viewing_any_results_on_trainings_lists_page" class="Tests\Feature\RolesTest" classname="Tests.Feature.RolesTest" file="/var/www/techincal-challenge/tests/Feature/RolesTest.php" line="92" assertions="5" time="0.428741"/>
        <testcase name="is_not_having_access_to_the_training_page" class="Tests\Feature\RolesTest" classname="Tests.Feature.RolesTest" file="/var/www/techincal-challenge/tests/Feature/RolesTest.php" line="112" assertions="1" time="0.407755"/>
        <testcase name="is_not_viewing_specific_type_on_trainings_lists_page" class="Tests\Feature\RolesTest" classname="Tests.Feature.RolesTest" file="/var/www/techincal-challenge/tests/Feature/RolesTest.php" line="128" assertions="3" time="0.403441"/>
        <testcase name="is_not_having_access_to_specific_type_page" class="Tests\Feature\RolesTest" classname="Tests.Feature.RolesTest" file="/var/www/techincal-challenge/tests/Feature/RolesTest.php" line="142" assertions="1" time="0.353012"/>
        <testcase name="is_having_access_to_training_files" class="Tests\Feature\RolesTest" classname="Tests.Feature.RolesTest" file="/var/www/techincal-challenge/tests/Feature/RolesTest.php" line="154" assertions="4" time="0.515252"/>
        <testcase name="is_not_having_access_to_training_files" class="Tests\Feature\RolesTest" classname="Tests.Feature.RolesTest" file="/var/www/techincal-challenge/tests/Feature/RolesTest.php" line="183" assertions="4" time="0.521515"/>
        <testcase name="is_having_access_to_admin_routes" class="Tests\Feature\RolesTest" classname="Tests.Feature.RolesTest" file="/var/www/techincal-challenge/tests/Feature/RolesTest.php" line="214" assertions="1" time="0.280144"/>
        <testcase name="is_not_having_access_to_admin_routes" class="Tests\Feature\RolesTest" classname="Tests.Feature.RolesTest" file="/var/www/techincal-challenge/tests/Feature/RolesTest.php" line="222" assertions="1" time="0.302397"/>
        <testcase name="is_throwing_exception_non_existing_file" class="Tests\Feature\RolesTest" classname="Tests.Feature.RolesTest" file="/var/www/techincal-challenge/tests/Feature/RolesTest.php" line="230" assertions="1" time="0.390004"/>
      </testsuite>
      <testsuite name="Tests\Feature\SearchTest" file="/var/www/techincal-challenge/tests/Feature/SearchTest.php" tests="2" assertions="7" errors="0" warnings="0" failures="0" skipped="0" time="0.900004">
        <testcase name="is_having_search_results" class="Tests\Feature\SearchTest" classname="Tests.Feature.SearchTest" file="/var/www/techincal-challenge/tests/Feature/SearchTest.php" line="14" assertions="3" time="0.463922"/>
        <testcase name="is_not_having_search_results" class="Tests\Feature\SearchTest" classname="Tests.Feature.SearchTest" file="/var/www/techincal-challenge/tests/Feature/SearchTest.php" line="34" assertions="4" time="0.436082"/>
      </testsuite>
      <testsuite name="Tests\Feature\Trainings\Admin\ScopeTest" file="/var/www/techincal-challenge/tests/Feature/Trainings/Admin/ScopeTest.php" tests="13" assertions="50" errors="0" warnings="0" failures="0" skipped="0" time="9.736429">
        <testcase name="is_showing_trainings_in_right_order" class="Tests\Feature\Trainings\Admin\ScopeTest" classname="Tests.Feature.Trainings.Admin.ScopeTest" file="/var/www/techincal-challenge/tests/Feature/Trainings/Admin/ScopeTest.php" line="25" assertions="5" time="0.474891"/>
        <testcase name="is_showing_trainings_paginated" class="Tests\Feature\Trainings\Admin\ScopeTest" classname="Tests.Feature.Trainings.Admin.ScopeTest" file="/var/www/techincal-challenge/tests/Feature/Trainings/Admin/ScopeTest.php" line="38" assertions="2" time="4.621339"/>
        <testcase name="is_showing_training_details_on_view_page" class="Tests\Feature\Trainings\Admin\ScopeTest" classname="Tests.Feature.Trainings.Admin.ScopeTest" file="/var/www/techincal-challenge/tests/Feature/Trainings/Admin/ScopeTest.php" line="48" assertions="8" time="0.561268"/>
        <testcase name="is_showing_create_page" class="Tests\Feature\Trainings\Admin\ScopeTest" classname="Tests.Feature.Trainings.Admin.ScopeTest" file="/var/www/techincal-challenge/tests/Feature/Trainings/Admin/ScopeTest.php" line="67" assertions="1" time="0.415136"/>
        <testcase name="is_showing_training_details_on_edit_page" class="Tests\Feature\Trainings\Admin\ScopeTest" classname="Tests.Feature.Trainings.Admin.ScopeTest" file="/var/www/techincal-challenge/tests/Feature/Trainings/Admin/ScopeTest.php" line="74" assertions="8" time="0.508885"/>
        <testcase name="is_deleting_training_with_files" class="Tests\Feature\Trainings\Admin\ScopeTest" classname="Tests.Feature.Trainings.Admin.ScopeTest" file="/var/www/techincal-challenge/tests/Feature/Trainings/Admin/ScopeTest.php" line="93" assertions="5" time="0.446818"/>
        <testcase name="is_not_showing_training_details_on_view_page_for_invalid_training" class="Tests\Feature\Trainings\Admin\ScopeTest" classname="Tests.Feature.Trainings.Admin.ScopeTest" file="/var/www/techincal-challenge/tests/Feature/Trainings/Admin/ScopeTest.php" line="114" assertions="1" time="0.308635"/>
        <testcase name="is_not_showing_training_details_on_edit_page_for_invalid_training" class="Tests\Feature\Trainings\Admin\ScopeTest" classname="Tests.Feature.Trainings.Admin.ScopeTest" file="/var/www/techincal-challenge/tests/Feature/Trainings/Admin/ScopeTest.php" line="121" assertions="1" time="0.304490"/>
        <testcase name="is_not_deleting_invalid_training" class="Tests\Feature\Trainings\Admin\ScopeTest" classname="Tests.Feature.Trainings.Admin.ScopeTest" file="/var/www/techincal-challenge/tests/Feature/Trainings/Admin/ScopeTest.php" line="128" assertions="1" time="0.313902"/>
        <testcase name="is_storing_training_with_validated_details" class="Tests\Feature\Trainings\Admin\ScopeTest" classname="Tests.Feature.Trainings.Admin.ScopeTest" file="/var/www/techincal-challenge/tests/Feature/Trainings/Admin/ScopeTest.php" line="135" assertions="5" time="0.430880"/>
        <testcase name="is_updating_training_with_validated_details" class="Tests\Feature\Trainings\Admin\ScopeTest" classname="Tests.Feature.Trainings.Admin.ScopeTest" file="/var/www/techincal-challenge/tests/Feature/Trainings/Admin/ScopeTest.php" line="167" assertions="5" time="0.476400"/>
        <testcase name="is_deleting_files_on_update" class="Tests\Feature\Trainings\Admin\ScopeTest" classname="Tests.Feature.Trainings.Admin.ScopeTest" file="/var/www/techincal-challenge/tests/Feature/Trainings/Admin/ScopeTest.php" line="197" assertions="4" time="0.445045"/>
        <testcase name="is_not_deleting_invalid_files_on_update" class="Tests\Feature\Trainings\Admin\ScopeTest" classname="Tests.Feature.Trainings.Admin.ScopeTest" file="/var/www/techincal-challenge/tests/Feature/Trainings/Admin/ScopeTest.php" line="220" assertions="4" time="0.428740"/>
      </testsuite>
      <testsuite name="Tests\Feature\Trainings\Admin\ValidationTest" file="/var/www/techincal-challenge/tests/Feature/Trainings/Admin/ValidationTest.php" tests="4" assertions="28" errors="0" warnings="0" failures="0" skipped="0" time="1.780376">
        <testcase name="is_requires_name_and_type" class="Tests\Feature\Trainings\Admin\ValidationTest" classname="Tests.Feature.Trainings.Admin.ValidationTest" file="/var/www/techincal-challenge/tests/Feature/Trainings/Admin/ValidationTest.php" line="54" assertions="6" time="0.415208"/>
        <testcase name="is_requires_existent_type" class="Tests\Feature\Trainings\Admin\ValidationTest" classname="Tests.Feature.Trainings.Admin.ValidationTest" file="/var/www/techincal-challenge/tests/Feature/Trainings/Admin/ValidationTest.php" line="62" assertions="6" time="0.381278"/>
        <testcase name="is_requires_a_valid_image" class="Tests\Feature\Trainings\Admin\ValidationTest" classname="Tests.Feature.Trainings.Admin.ValidationTest" file="/var/www/techincal-challenge/tests/Feature/Trainings/Admin/ValidationTest.php" line="76" assertions="8" time="0.506446"/>
        <testcase name="is_requires_a_valid_video" class="Tests\Feature\Trainings\Admin\ValidationTest" classname="Tests.Feature.Trainings.Admin.ValidationTest" file="/var/www/techincal-challenge/tests/Feature/Trainings/Admin/ValidationTest.php" line="95" assertions="8" time="0.477444"/>
      </testsuite>
      <testsuite name="Tests\Feature\Trainings\TrainingsTest" file="/var/www/techincal-challenge/tests/Feature/Trainings/TrainingsTest.php" tests="5" assertions="13" errors="0" warnings="0" failures="0" skipped="0" time="3.050409">
        <testcase name="is_showing_trainings_in_right_order" class="Tests\Feature\Trainings\TrainingsTest" classname="Tests.Feature.Trainings.TrainingsTest" file="/var/www/techincal-challenge/tests/Feature/Trainings/TrainingsTest.php" line="30" assertions="2" time="0.515634"/>
        <testcase name="is_showing_trainings_paginated" class="Tests\Feature\Trainings\TrainingsTest" classname="Tests.Feature.Trainings.TrainingsTest" file="/var/www/techincal-challenge/tests/Feature/Trainings/TrainingsTest.php" line="48" assertions="2" time="1.218984"/>
        <testcase name="is_showing_title_on_training_page" class="Tests\Feature\Trainings\TrainingsTest" classname="Tests.Feature.Trainings.TrainingsTest" file="/var/www/techincal-challenge/tests/Feature/Trainings/TrainingsTest.php" line="61" assertions="2" time="0.418856"/>
        <testcase name="is_showing_content_on_training_page" class="Tests\Feature\Trainings\TrainingsTest" classname="Tests.Feature.Trainings.TrainingsTest" file="/var/www/techincal-challenge/tests/Feature/Trainings/TrainingsTest.php" line="74" assertions="2" time="0.413122"/>
        <testcase name="is_showing_files_on_training_page" class="Tests\Feature\Trainings\TrainingsTest" classname="Tests.Feature.Trainings.TrainingsTest" file="/var/www/techincal-challenge/tests/Feature/Trainings/TrainingsTest.php" line="87" assertions="5" time="0.483813"/>
      </testsuite>
      <testsuite name="Tests\Feature\Types\ScopeTest" file="/var/www/techincal-challenge/tests/Feature/Types/ScopeTest.php" tests="12" assertions="26" errors="0" warnings="0" failures="0" skipped="0" time="5.287919">
        <testcase name="is_showing_types_in_right_order" class="Tests\Feature\Types\ScopeTest" classname="Tests.Feature.Types.ScopeTest" file="/var/www/techincal-challenge/tests/Feature/Types/ScopeTest.php" line="26" assertions="5" time="0.433204"/>
        <testcase name="is_showing_types_paginated" class="Tests\Feature\Types\ScopeTest" classname="Tests.Feature.Types.ScopeTest" file="/var/www/techincal-challenge/tests/Feature/Types/ScopeTest.php" line="39" assertions="2" time="1.390244"/>
        <testcase name="is_showing_type_details_on_view_page" class="Tests\Feature\Types\ScopeTest" classname="Tests.Feature.Types.ScopeTest" file="/var/www/techincal-challenge/tests/Feature/Types/ScopeTest.php" line="49" assertions="3" time="0.401018"/>
        <testcase name="is_showing_create_page" class="Tests\Feature\Types\ScopeTest" classname="Tests.Feature.Types.ScopeTest" file="/var/www/techincal-challenge/tests/Feature/Types/ScopeTest.php" line="60" assertions="1" time="0.360841"/>
        <testcase name="is_showing_type_details_on_edit_page" class="Tests\Feature\Types\ScopeTest" classname="Tests.Feature.Types.ScopeTest" file="/var/www/techincal-challenge/tests/Feature/Types/ScopeTest.php" line="67" assertions="3" time="0.401036"/>
        <testcase name="is_deleting_type" class="Tests\Feature\Types\ScopeTest" classname="Tests.Feature.Types.ScopeTest" file="/var/www/techincal-challenge/tests/Feature/Types/ScopeTest.php" line="78" assertions="2" time="0.361291"/>
        <testcase name="is_not_showing_type_details_on_view_page_for_invalid_type" class="Tests\Feature\Types\ScopeTest" classname="Tests.Feature.Types.ScopeTest" file="/var/www/techincal-challenge/tests/Feature/Types/ScopeTest.php" line="93" assertions="1" time="0.304647"/>
        <testcase name="is_not_showing_type_details_on_edit_page_for_invalid_type" class="Tests\Feature\Types\ScopeTest" classname="Tests.Feature.Types.ScopeTest" file="/var/www/techincal-challenge/tests/Feature/Types/ScopeTest.php" line="100" assertions="1" time="0.305714"/>
        <testcase name="is_not_deleting_invalid_type" class="Tests\Feature\Types\ScopeTest" classname="Tests.Feature.Types.ScopeTest" file="/var/www/techincal-challenge/tests/Feature/Types/ScopeTest.php" line="107" assertions="1" time="0.304801"/>
        <testcase name="is_not_deleting_if_type_has_trainings" class="Tests\Feature\Types\ScopeTest" classname="Tests.Feature.Types.ScopeTest" file="/var/www/techincal-challenge/tests/Feature/Types/ScopeTest.php" line="114" assertions="1" time="0.387212"/>
        <testcase name="is_storing_type_with_validated_details" class="Tests\Feature\Types\ScopeTest" classname="Tests.Feature.Types.ScopeTest" file="/var/www/techincal-challenge/tests/Feature/Types/ScopeTest.php" line="128" assertions="3" time="0.313192"/>
        <testcase name="is_updating_type_with_validated_details" class="Tests\Feature\Types\ScopeTest" classname="Tests.Feature.Types.ScopeTest" file="/var/www/techincal-challenge/tests/Feature/Types/ScopeTest.php" line="152" assertions="3" time="0.324719"/>
      </testsuite>
      <testsuite name="Tests\Feature\Types\ValidationTest" file="/var/www/techincal-challenge/tests/Feature/Types/ValidationTest.php" tests="4" assertions="12" errors="0" warnings="0" failures="0" skipped="0" time="1.210939">
        <testcase name="is_requires_name_and_slug_on_store" class="Tests\Feature\Types\ValidationTest" classname="Tests.Feature.Types.ValidationTest" file="/var/www/techincal-challenge/tests/Feature/Types/ValidationTest.php" line="53" assertions="3" time="0.306310"/>
        <testcase name="is_requires_name_and_slug_on_update" class="Tests\Feature\Types\ValidationTest" classname="Tests.Feature.Types.ValidationTest" file="/var/www/techincal-challenge/tests/Feature/Types/ValidationTest.php" line="59" assertions="3" time="0.313017"/>
        <testcase name="is_requires_unique_slug_on_store" class="Tests\Feature\Types\ValidationTest" classname="Tests.Feature.Types.ValidationTest" file="/var/www/techincal-challenge/tests/Feature/Types/ValidationTest.php" line="67" assertions="3" time="0.289917"/>
        <testcase name="is_requires_unique_slug_on_update" class="Tests\Feature\Types\ValidationTest" classname="Tests.Feature.Types.ValidationTest" file="/var/www/techincal-challenge/tests/Feature/Types/ValidationTest.php" line="81" assertions="3" time="0.301695"/>
      </testsuite>
      <testsuite name="Tests\Feature\Users\ScopeTest" file="/var/www/techincal-challenge/tests/Feature/Users/ScopeTest.php" tests="13" assertions="33" errors="0" warnings="0" failures="0" skipped="0" time="6.750879">
        <testcase name="is_showing_users_in_right_order" class="Tests\Feature\Users\ScopeTest" classname="Tests.Feature.Users.ScopeTest" file="/var/www/techincal-challenge/tests/Feature/Users/ScopeTest.php" line="29" assertions="5" time="0.431581"/>
        <testcase name="is_showing_users_paginated" class="Tests\Feature\Users\ScopeTest" classname="Tests.Feature.Users.ScopeTest" file="/var/www/techincal-challenge/tests/Feature/Users/ScopeTest.php" line="42" assertions="2" time="2.230968"/>
        <testcase name="is_showing_user_details_on_view_page" class="Tests\Feature\Users\ScopeTest" classname="Tests.Feature.Users.ScopeTest" file="/var/www/techincal-challenge/tests/Feature/Users/ScopeTest.php" line="52" assertions="4" time="0.449267"/>
        <testcase name="is_showing_create_page" class="Tests\Feature\Users\ScopeTest" classname="Tests.Feature.Users.ScopeTest" file="/var/www/techincal-challenge/tests/Feature/Users/ScopeTest.php" line="64" assertions="1" time="0.555541"/>
        <testcase name="is_showing_user_details_on_edit_page" class="Tests\Feature\Users\ScopeTest" classname="Tests.Feature.Users.ScopeTest" file="/var/www/techincal-challenge/tests/Feature/Users/ScopeTest.php" line="71" assertions="4" time="0.449581"/>
        <testcase name="is_deleting_user" class="Tests\Feature\Users\ScopeTest" classname="Tests.Feature.Users.ScopeTest" file="/var/www/techincal-challenge/tests/Feature/Users/ScopeTest.php" line="83" assertions="1" time="0.323667"/>
        <testcase name="is_not_showing_user_details_on_view_page_for_invalid_user" class="Tests\Feature\Users\ScopeTest" classname="Tests.Feature.Users.ScopeTest" file="/var/www/techincal-challenge/tests/Feature/Users/ScopeTest.php" line="96" assertions="1" time="0.319816"/>
        <testcase name="is_not_showing_user_details_on_edit_page_for_invalid_user" class="Tests\Feature\Users\ScopeTest" classname="Tests.Feature.Users.ScopeTest" file="/var/www/techincal-challenge/tests/Feature/Users/ScopeTest.php" line="103" assertions="1" time="0.315259"/>
        <testcase name="is_not_deleting_invalid_user" class="Tests\Feature\Users\ScopeTest" classname="Tests.Feature.Users.ScopeTest" file="/var/www/techincal-challenge/tests/Feature/Users/ScopeTest.php" line="110" assertions="1" time="0.305626"/>
        <testcase name="is_not_deleting_own_user" class="Tests\Feature\Users\ScopeTest" classname="Tests.Feature.Users.ScopeTest" file="/var/www/techincal-challenge/tests/Feature/Users/ScopeTest.php" line="117" assertions="1" time="0.294217"/>
        <testcase name="is_storing_user_with_validated_details" class="Tests\Feature\Users\ScopeTest" classname="Tests.Feature.Users.ScopeTest" file="/var/www/techincal-challenge/tests/Feature/Users/ScopeTest.php" line="125" assertions="4" time="0.338073"/>
        <testcase name="is_updating_user_with_validated_details" class="Tests\Feature\Users\ScopeTest" classname="Tests.Feature.Users.ScopeTest" file="/var/www/techincal-challenge/tests/Feature/Users/ScopeTest.php" line="156" assertions="4" time="0.377590"/>
        <testcase name="is_updating_user_details_without_password" class="Tests\Feature\Users\ScopeTest" classname="Tests.Feature.Users.ScopeTest" file="/var/www/techincal-challenge/tests/Feature/Users/ScopeTest.php" line="187" assertions="4" time="0.359694"/>
      </testsuite>
      <testsuite name="Tests\Feature\Users\ValidationTest" file="/var/www/techincal-challenge/tests/Feature/Users/ValidationTest.php" tests="6" assertions="38" errors="0" warnings="0" failures="0" skipped="0" time="2.082350">
        <testcase name="is_requires_all_fields_on_store" class="Tests\Feature\Users\ValidationTest" classname="Tests.Feature.Users.ValidationTest" file="/var/www/techincal-challenge/tests/Feature/Users/ValidationTest.php" line="60" assertions="6" time="0.322568"/>
        <testcase name="is_requires_all_fields_on_update" class="Tests\Feature\Users\ValidationTest" classname="Tests.Feature.Users.ValidationTest" file="/var/www/techincal-challenge/tests/Feature/Users/ValidationTest.php" line="66" assertions="4" time="0.334737"/>
        <testcase name="is_requires_repeat_password_on_update" class="Tests\Feature\Users\ValidationTest" classname="Tests.Feature.Users.ValidationTest" file="/var/www/techincal-challenge/tests/Feature/Users/ValidationTest.php" line="74" assertions="5" time="0.314612"/>
        <testcase name="is_requires_unique_email_on_store" class="Tests\Feature\Users\ValidationTest" classname="Tests.Feature.Users.ValidationTest" file="/var/www/techincal-challenge/tests/Feature/Users/ValidationTest.php" line="84" assertions="6" time="0.315615"/>
        <testcase name="is_requires_unique_email_on_update" class="Tests\Feature\Users\ValidationTest" classname="Tests.Feature.Users.ValidationTest" file="/var/www/techincal-challenge/tests/Feature/Users/ValidationTest.php" line="104" assertions="5" time="0.343993"/>
        <testcase name="is_requires_password_and_repeat_password_matches" class="Tests\Feature\Users\ValidationTest" classname="Tests.Feature.Users.ValidationTest" file="/var/www/techincal-challenge/tests/Feature/Users/ValidationTest.php" line="128" assertions="12" time="0.450825"/>
      </testsuite>
    </testsuite>
  </testsuite>
</testsuites>
